<?xml version="1.0" encoding="UTF-8"?>
<coverage generated="1747734550064" clover="3.2.0">
  <project timestamp="1747734550064" name="All files">
    <metrics statements="27" coveredstatements="25" conditionals="14" coveredconditionals="12" methods="4" coveredmethods="4" elements="45" coveredelements="41" complexity="0" loc="27" ncloc="27" packages="1" files="2" classes="2"/>
    <file name="index.js" path="C:\Users\user\Desktop\!SAVE\D\FrontEnd (учеба)\Хекслет\ПРОЕКТ 2\frontend-project-46\src\index.js">
      <metrics statements="23" coveredstatements="22" conditionals="10" coveredconditionals="9" methods="3" coveredmethods="3"/>
      <line num="6" count="1" type="stmt"/>
      <line num="7" count="2" type="stmt"/>
      <line num="8" count="2" type="cond" truecount="3" falsecount="1"/>
      <line num="9" count="0" type="stmt"/>
      <line num="11" count="2" type="stmt"/>
      <line num="14" count="1" type="stmt"/>
      <line num="15" count="1" type="stmt"/>
      <line num="16" count="1" type="stmt"/>
      <line num="18" count="1" type="stmt"/>
      <line num="19" count="1" type="stmt"/>
      <line num="21" count="1" type="stmt"/>
      <line num="22" count="1" type="stmt"/>
      <line num="24" count="1" type="stmt"/>
      <line num="25" count="1" type="stmt"/>
      <line num="27" count="1" type="stmt"/>
      <line num="28" count="5" type="cond" truecount="2" falsecount="0"/>
      <line num="29" count="1" type="stmt"/>
      <line num="31" count="4" type="cond" truecount="2" falsecount="0"/>
      <line num="32" count="2" type="stmt"/>
      <line num="34" count="2" type="cond" truecount="2" falsecount="0"/>
      <line num="35" count="1" type="stmt"/>
      <line num="37" count="1" type="stmt"/>
      <line num="40" count="1" type="stmt"/>
    </file>
    <file name="parser.js" path="C:\Users\user\Desktop\!SAVE\D\FrontEnd (учеба)\Хекслет\ПРОЕКТ 2\frontend-project-46\src\parser.js">
      <metrics statements="4" coveredstatements="3" conditionals="4" coveredconditionals="3" methods="1" coveredmethods="1"/>
      <line num="3" count="1" type="stmt"/>
      <line num="4" count="2" type="cond" truecount="3" falsecount="1"/>
      <line num="5" count="0" type="stmt"/>
      <line num="7" count="2" type="stmt"/>
    </file>
  </project>
</coverage>
