{"C:\\Users\\user\\Desktop\\!SAVE\\D\\FrontEnd (учеба)\\Хекслет\\ПРОЕКТ 2\\frontend-project-46\\src\\findDiff.js": {"path":"C:\\Users\\user\\Desktop\\!SAVE\\D\\FrontEnd (учеба)\\Хекслет\\ПРОЕКТ 2\\frontend-project-46\\src\\findDiff.js","statementMap":{"0":{"start":{"line":3,"column":17},"end":{"line":37,"column":1}},"1":{"start":{"line":4,"column":15},"end":{"line":4,"column":62}},"2":{"start":{"line":6,"column":2},"end":{"line":36,"column":4}},"3":{"start":{"line":7,"column":19},"end":{"line":7,"column":29}},"4":{"start":{"line":8,"column":19},"end":{"line":8,"column":29}},"5":{"start":{"line":10,"column":4},"end":{"line":12,"column":5}},"6":{"start":{"line":11,"column":6},"end":{"line":11,"column":52}},"7":{"start":{"line":14,"column":4},"end":{"line":16,"column":5}},"8":{"start":{"line":15,"column":6},"end":{"line":15,"column":50}},"9":{"start":{"line":18,"column":4},"end":{"line":20,"column":5}},"10":{"start":{"line":19,"column":6},"end":{"line":19,"column":54}},"11":{"start":{"line":22,"column":4},"end":{"line":28,"column":5}},"12":{"start":{"line":23,"column":6},"end":{"line":27,"column":7}},"13":{"start":{"line":30,"column":4},"end":{"line":35,"column":5}}},"fnMap":{"0":{"name":"(anonymous_0)","decl":{"start":{"line":3,"column":17},"end":{"line":3,"column":18}},"loc":{"start":{"line":3,"column":35},"end":{"line":37,"column":1}},"line":3},"1":{"name":"(anonymous_1)","decl":{"start":{"line":6,"column":18},"end":{"line":6,"column":19}},"loc":{"start":{"line":6,"column":27},"end":{"line":36,"column":3}},"line":6}},"branchMap":{"0":{"loc":{"start":{"line":10,"column":4},"end":{"line":12,"column":5}},"type":"if","locations":[{"start":{"line":10,"column":4},"end":{"line":12,"column":5}},{"start":{},"end":{}}],"line":10},"1":{"loc":{"start":{"line":14,"column":4},"end":{"line":16,"column":5}},"type":"if","locations":[{"start":{"line":14,"column":4},"end":{"line":16,"column":5}},{"start":{},"end":{}}],"line":14},"2":{"loc":{"start":{"line":18,"column":4},"end":{"line":20,"column":5}},"type":"if","locations":[{"start":{"line":18,"column":4},"end":{"line":20,"column":5}},{"start":{},"end":{}}],"line":18},"3":{"loc":{"start":{"line":22,"column":4},"end":{"line":28,"column":5}},"type":"if","locations":[{"start":{"line":22,"column":4},"end":{"line":28,"column":5}},{"start":{},"end":{}}],"line":22},"4":{"loc":{"start":{"line":22,"column":8},"end":{"line":22,"column":100}},"type":"binary-expr","locations":[{"start":{"line":22,"column":8},"end":{"line":22,"column":26}},{"start":{"line":22,"column":30},"end":{"line":22,"column":48}},{"start":{"line":22,"column":52},"end":{"line":22,"column":74}},{"start":{"line":22,"column":78},"end":{"line":22,"column":100}}],"line":22}},"s":{"0":1,"1":15,"2":15,"3":54,"4":54,"5":54,"6":6,"7":48,"8":15,"9":33,"10":9,"11":24,"12":12,"13":12},"f":{"0":15,"1":54},"b":{"0":[6,48],"1":[15,33],"2":[9,24],"3":[12,12],"4":[24,15,12,12]},"_coverageSchema":"1a1c01bbd47fc00a2c39e90264f33305004495a9","hash":"dfb1f30833b790dba7f86a795123d7b9890cb971"}
,"C:\\Users\\user\\Desktop\\!SAVE\\D\\FrontEnd (учеба)\\Хекслет\\ПРОЕКТ 2\\frontend-project-46\\src\\index.js": {"path":"C:\\Users\\user\\Desktop\\!SAVE\\D\\FrontEnd (учеба)\\Хекслет\\ПРОЕКТ 2\\frontend-project-46\\src\\index.js","statementMap":{"0":{"start":{"line":8,"column":20},"end":{"line":14,"column":1}},"1":{"start":{"line":9,"column":18},"end":{"line":9,"column":40}},"2":{"start":{"line":10,"column":2},"end":{"line":12,"column":3}},"3":{"start":{"line":11,"column":4},"end":{"line":11,"column":18}},"4":{"start":{"line":13,"column":2},"end":{"line":13,"column":16}},"5":{"start":{"line":16,"column":16},"end":{"line":30,"column":1}},"6":{"start":{"line":17,"column":19},"end":{"line":17,"column":68}},"7":{"start":{"line":18,"column":19},"end":{"line":18,"column":68}},"8":{"start":{"line":20,"column":20},"end":{"line":20,"column":42}},"9":{"start":{"line":21,"column":20},"end":{"line":21,"column":42}},"10":{"start":{"line":23,"column":22},"end":{"line":23,"column":49}},"11":{"start":{"line":24,"column":22},"end":{"line":24,"column":49}},"12":{"start":{"line":26,"column":16},"end":{"line":26,"column":50}},"13":{"start":{"line":28,"column":3},"end":{"line":28,"column":41}}},"fnMap":{"0":{"name":"(anonymous_0)","decl":{"start":{"line":8,"column":20},"end":{"line":8,"column":21}},"loc":{"start":{"line":8,"column":34},"end":{"line":14,"column":1}},"line":8},"1":{"name":"(anonymous_1)","decl":{"start":{"line":16,"column":16},"end":{"line":16,"column":17}},"loc":{"start":{"line":16,"column":54},"end":{"line":30,"column":1}},"line":16}},"branchMap":{"0":{"loc":{"start":{"line":10,"column":2},"end":{"line":12,"column":3}},"type":"if","locations":[{"start":{"line":10,"column":2},"end":{"line":12,"column":3}},{"start":{},"end":{}}],"line":10},"1":{"loc":{"start":{"line":10,"column":6},"end":{"line":10,"column":47}},"type":"binary-expr","locations":[{"start":{"line":10,"column":6},"end":{"line":10,"column":24}},{"start":{"line":10,"column":28},"end":{"line":10,"column":47}}],"line":10}},"s":{"0":1,"1":6,"2":6,"3":0,"4":6,"5":1,"6":3,"7":3,"8":3,"9":3,"10":3,"11":3,"12":3,"13":3},"f":{"0":6,"1":3},"b":{"0":[0,6],"1":[6,6]},"_coverageSchema":"1a1c01bbd47fc00a2c39e90264f33305004495a9","hash":"92382ec7bd06b317c80266fb049b8cf122166916"}
,"C:\\Users\\user\\Desktop\\!SAVE\\D\\FrontEnd (учеба)\\Хекслет\\ПРОЕКТ 2\\frontend-project-46\\src\\parser.js": {"path":"C:\\Users\\user\\Desktop\\!SAVE\\D\\FrontEnd (учеба)\\Хекслет\\ПРОЕКТ 2\\frontend-project-46\\src\\parser.js","statementMap":{"0":{"start":{"line":3,"column":14},"end":{"line":16,"column":1}},"1":{"start":{"line":4,"column":2},"end":{"line":15,"column":3}},"2":{"start":{"line":5,"column":4},"end":{"line":7,"column":5}},"3":{"start":{"line":6,"column":6},"end":{"line":6,"column":36}},"4":{"start":{"line":8,"column":4},"end":{"line":10,"column":5}},"5":{"start":{"line":9,"column":6},"end":{"line":9,"column":37}},"6":{"start":{"line":13,"column":4},"end":{"line":13,"column":38}},"7":{"start":{"line":14,"column":4},"end":{"line":14,"column":15}}},"fnMap":{"0":{"name":"(anonymous_0)","decl":{"start":{"line":3,"column":14},"end":{"line":3,"column":15}},"loc":{"start":{"line":3,"column":41},"end":{"line":16,"column":1}},"line":3}},"branchMap":{"0":{"loc":{"start":{"line":5,"column":4},"end":{"line":7,"column":5}},"type":"if","locations":[{"start":{"line":5,"column":4},"end":{"line":7,"column":5}},{"start":{},"end":{}}],"line":5},"1":{"loc":{"start":{"line":5,"column":8},"end":{"line":5,"column":49}},"type":"binary-expr","locations":[{"start":{"line":5,"column":8},"end":{"line":5,"column":27}},{"start":{"line":5,"column":31},"end":{"line":5,"column":49}}],"line":5},"2":{"loc":{"start":{"line":8,"column":4},"end":{"line":10,"column":5}},"type":"if","locations":[{"start":{"line":8,"column":4},"end":{"line":10,"column":5}},{"start":{},"end":{}}],"line":8}},"s":{"0":1,"1":6,"2":6,"3":0,"4":6,"5":6,"6":0,"7":0},"f":{"0":6},"b":{"0":[0,6],"1":[6,6],"2":[6,0]},"_coverageSchema":"1a1c01bbd47fc00a2c39e90264f33305004495a9","hash":"96215545fb01d5c88313d5768cad08938717fc75"}
,"C:\\Users\\user\\Desktop\\!SAVE\\D\\FrontEnd (учеба)\\Хекслет\\ПРОЕКТ 2\\frontend-project-46\\src\\formatters\\format.js": {"path":"C:\\Users\\user\\Desktop\\!SAVE\\D\\FrontEnd (учеба)\\Хекслет\\ПРОЕКТ 2\\frontend-project-46\\src\\formatters\\format.js","statementMap":{"0":{"start":{"line":6,"column":21},"end":{"line":17,"column":1}},"1":{"start":{"line":7,"column":4},"end":{"line":16,"column":5}},"2":{"start":{"line":9,"column":12},"end":{"line":9,"column":39}},"3":{"start":{"line":11,"column":12},"end":{"line":11,"column":37}},"4":{"start":{"line":13,"column":12},"end":{"line":13,"column":36}},"5":{"start":{"line":15,"column":12},"end":{"line":15,"column":57}}},"fnMap":{"0":{"name":"(anonymous_0)","decl":{"start":{"line":6,"column":21},"end":{"line":6,"column":22}},"loc":{"start":{"line":6,"column":39},"end":{"line":17,"column":1}},"line":6}},"branchMap":{"0":{"loc":{"start":{"line":7,"column":4},"end":{"line":16,"column":5}},"type":"switch","locations":[{"start":{"line":8,"column":8},"end":{"line":9,"column":39}},{"start":{"line":10,"column":8},"end":{"line":11,"column":37}},{"start":{"line":12,"column":8},"end":{"line":13,"column":36}},{"start":{"line":14,"column":8},"end":{"line":15,"column":57}}],"line":7}},"s":{"0":1,"1":3,"2":0,"3":1,"4":1,"5":1},"f":{"0":3},"b":{"0":[0,1,1,1]},"_coverageSchema":"1a1c01bbd47fc00a2c39e90264f33305004495a9","hash":"78a71c9f1b4e53f461d53964e86e332ee64143af"}
,"C:\\Users\\user\\Desktop\\!SAVE\\D\\FrontEnd (учеба)\\Хекслет\\ПРОЕКТ 2\\frontend-project-46\\src\\formatters\\json.js": {"path":"C:\\Users\\user\\Desktop\\!SAVE\\D\\FrontEnd (учеба)\\Хекслет\\ПРОЕКТ 2\\frontend-project-46\\src\\formatters\\json.js","statementMap":{"0":{"start":{"line":1,"column":19},"end":{"line":4,"column":3}},"1":{"start":{"line":2,"column":17},"end":{"line":2,"column":50}},"2":{"start":{"line":3,"column":4},"end":{"line":3,"column":16}}},"fnMap":{"0":{"name":"(anonymous_0)","decl":{"start":{"line":1,"column":19},"end":{"line":1,"column":20}},"loc":{"start":{"line":1,"column":33},"end":{"line":4,"column":3}},"line":1}},"branchMap":{},"s":{"0":1,"1":1,"2":1},"f":{"0":1},"b":{},"_coverageSchema":"1a1c01bbd47fc00a2c39e90264f33305004495a9","hash":"3e7abedf643ff3ed2b22a0e0f542ec0aac38b565"}
,"C:\\Users\\user\\Desktop\\!SAVE\\D\\FrontEnd (учеба)\\Хекслет\\ПРОЕКТ 2\\frontend-project-46\\src\\formatters\\plain.js": {"path":"C:\\Users\\user\\Desktop\\!SAVE\\D\\FrontEnd (учеба)\\Хекслет\\ПРОЕКТ 2\\frontend-project-46\\src\\formatters\\plain.js","statementMap":{"0":{"start":{"line":4,"column":21},"end":{"line":11,"column":1}},"1":{"start":{"line":5,"column":4},"end":{"line":7,"column":5}},"2":{"start":{"line":6,"column":8},"end":{"line":6,"column":32}},"3":{"start":{"line":8,"column":4},"end":{"line":10,"column":5}},"4":{"start":{"line":9,"column":8},"end":{"line":9,"column":27}},"5":{"start":{"line":12,"column":21},"end":{"line":39,"column":1}},"6":{"start":{"line":20,"column":8},"end":{"line":20,"column":11}},"7":{"start":{"line":23,"column":22},"end":{"line":23,"column":63}},"8":{"start":{"line":25,"column":4},"end":{"line":38,"column":5}},"9":{"start":{"line":27,"column":12},"end":{"line":27,"column":53}},"10":{"start":{"line":29,"column":12},"end":{"line":29,"column":56}},"11":{"start":{"line":31,"column":12},"end":{"line":31,"column":89}},"12":{"start":{"line":33,"column":12},"end":{"line":33,"column":117}},"13":{"start":{"line":35,"column":12},"end":{"line":35,"column":21}},"14":{"start":{"line":37,"column":12},"end":{"line":37,"column":54}},"15":{"start":{"line":41,"column":20},"end":{"line":41,"column":95}},"16":{"start":{"line":41,"column":30},"end":{"line":41,"column":95}},"17":{"start":{"line":41,"column":54},"end":{"line":41,"column":74}}},"fnMap":{"0":{"name":"(anonymous_0)","decl":{"start":{"line":4,"column":21},"end":{"line":4,"column":22}},"loc":{"start":{"line":4,"column":32},"end":{"line":11,"column":1}},"line":4},"1":{"name":"(anonymous_1)","decl":{"start":{"line":12,"column":21},"end":{"line":12,"column":22}},"loc":{"start":{"line":12,"column":42},"end":{"line":39,"column":1}},"line":12},"2":{"name":"(anonymous_2)","decl":{"start":{"line":41,"column":20},"end":{"line":41,"column":21}},"loc":{"start":{"line":41,"column":30},"end":{"line":41,"column":95}},"line":41},"3":{"name":"(anonymous_3)","decl":{"start":{"line":41,"column":42},"end":{"line":41,"column":43}},"loc":{"start":{"line":41,"column":54},"end":{"line":41,"column":74}},"line":41}},"branchMap":{"0":{"loc":{"start":{"line":5,"column":4},"end":{"line":7,"column":5}},"type":"if","locations":[{"start":{"line":5,"column":4},"end":{"line":7,"column":5}},{"start":{},"end":{}}],"line":5},"1":{"loc":{"start":{"line":5,"column":8},"end":{"line":5,"column":45}},"type":"binary-expr","locations":[{"start":{"line":5,"column":8},"end":{"line":5,"column":25}},{"start":{"line":5,"column":29},"end":{"line":5,"column":45}}],"line":5},"2":{"loc":{"start":{"line":8,"column":4},"end":{"line":10,"column":5}},"type":"if","locations":[{"start":{"line":8,"column":4},"end":{"line":10,"column":5}},{"start":{},"end":{}}],"line":8},"3":{"loc":{"start":{"line":23,"column":22},"end":{"line":23,"column":63}},"type":"cond-expr","locations":[{"start":{"line":23,"column":35},"end":{"line":23,"column":57}},{"start":{"line":23,"column":60},"end":{"line":23,"column":63}}],"line":23},"4":{"loc":{"start":{"line":25,"column":4},"end":{"line":38,"column":5}},"type":"switch","locations":[{"start":{"line":26,"column":8},"end":{"line":27,"column":53}},{"start":{"line":28,"column":8},"end":{"line":29,"column":56}},{"start":{"line":30,"column":8},"end":{"line":31,"column":89}},{"start":{"line":32,"column":8},"end":{"line":33,"column":117}},{"start":{"line":34,"column":8},"end":{"line":35,"column":21}},{"start":{"line":36,"column":8},"end":{"line":37,"column":54}}],"line":25}},"s":{"0":1,"1":0,"2":0,"3":0,"4":0,"5":1,"6":2,"7":2,"8":2,"9":1,"10":0,"11":0,"12":0,"13":0,"14":1,"15":1,"16":1,"17":1},"f":{"0":0,"1":2,"2":1,"3":1},"b":{"0":[0,0],"1":[0,0],"2":[0,0],"3":[1,1],"4":[1,0,0,0,0,1]},"_coverageSchema":"1a1c01bbd47fc00a2c39e90264f33305004495a9","hash":"4d2b227df360418b24e5d54cebedf042d6dfb755"}
,"C:\\Users\\user\\Desktop\\!SAVE\\D\\FrontEnd (учеба)\\Хекслет\\ПРОЕКТ 2\\frontend-project-46\\src\\formatters\\stylish.js": {"path":"C:\\Users\\user\\Desktop\\!SAVE\\D\\FrontEnd (учеба)\\Хекслет\\ПРОЕКТ 2\\frontend-project-46\\src\\formatters\\stylish.js","statementMap":{"0":{"start":{"line":3,"column":17},"end":{"line":3,"column":103}},"1":{"start":{"line":3,"column":61},"end":{"line":3,"column":103}},"2":{"start":{"line":4,"column":25},"end":{"line":4,"column":121}},"3":{"start":{"line":4,"column":69},"end":{"line":4,"column":121}},"4":{"start":{"line":6,"column":18},"end":{"line":17,"column":1}},"5":{"start":{"line":7,"column":2},"end":{"line":7,"column":79}},"6":{"start":{"line":7,"column":62},"end":{"line":7,"column":79}},"7":{"start":{"line":9,"column":24},"end":{"line":9,"column":39}},"8":{"start":{"line":10,"column":24},"end":{"line":10,"column":47}},"9":{"start":{"line":11,"column":23},"end":{"line":11,"column":43}},"10":{"start":{"line":13,"column":16},"end":{"line":13,"column":110}},"11":{"start":{"line":13,"column":51},"end":{"line":13,"column":109}},"12":{"start":{"line":15,"column":17},"end":{"line":15,"column":64}},"13":{"start":{"line":16,"column":2},"end":{"line":16,"column":16}},"14":{"start":{"line":19,"column":22},"end":{"line":48,"column":1}},"15":{"start":{"line":20,"column":15},"end":{"line":46,"column":3}},"16":{"start":{"line":21,"column":26},"end":{"line":21,"column":41}},"17":{"start":{"line":22,"column":26},"end":{"line":22,"column":49}},"18":{"start":{"line":23,"column":18},"end":{"line":44,"column":6}},"19":{"start":{"line":26,"column":10},"end":{"line":26,"column":14}},"20":{"start":{"line":27,"column":6},"end":{"line":43,"column":7}},"21":{"start":{"line":29,"column":10},"end":{"line":29,"column":76}},"22":{"start":{"line":31,"column":10},"end":{"line":31,"column":81}},"23":{"start":{"line":33,"column":10},"end":{"line":33,"column":81}},"24":{"start":{"line":35,"column":10},"end":{"line":35,"column":81}},"25":{"start":{"line":37,"column":10},"end":{"line":40,"column":12}},"26":{"start":{"line":42,"column":10},"end":{"line":42,"column":51}},"27":{"start":{"line":45,"column":4},"end":{"line":45,"column":59}},"28":{"start":{"line":47,"column":2},"end":{"line":47,"column":20}}},"fnMap":{"0":{"name":"(anonymous_0)","decl":{"start":{"line":3,"column":17},"end":{"line":3,"column":18}},"loc":{"start":{"line":3,"column":61},"end":{"line":3,"column":103}},"line":3},"1":{"name":"(anonymous_1)","decl":{"start":{"line":4,"column":25},"end":{"line":4,"column":26}},"loc":{"start":{"line":4,"column":69},"end":{"line":4,"column":121}},"line":4},"2":{"name":"(anonymous_2)","decl":{"start":{"line":6,"column":18},"end":{"line":6,"column":19}},"loc":{"start":{"line":6,"column":39},"end":{"line":17,"column":1}},"line":6},"3":{"name":"(anonymous_3)","decl":{"start":{"line":13,"column":33},"end":{"line":13,"column":34}},"loc":{"start":{"line":13,"column":51},"end":{"line":13,"column":109}},"line":13},"4":{"name":"(anonymous_4)","decl":{"start":{"line":19,"column":22},"end":{"line":19,"column":23}},"loc":{"start":{"line":19,"column":32},"end":{"line":48,"column":1}},"line":19},"5":{"name":"(anonymous_5)","decl":{"start":{"line":20,"column":15},"end":{"line":20,"column":16}},"loc":{"start":{"line":20,"column":44},"end":{"line":46,"column":3}},"line":20},"6":{"name":"(anonymous_6)","decl":{"start":{"line":23,"column":39},"end":{"line":23,"column":40}},"loc":{"start":{"line":23,"column":49},"end":{"line":44,"column":5}},"line":23}},"branchMap":{"0":{"loc":{"start":{"line":3,"column":25},"end":{"line":3,"column":39}},"type":"default-arg","locations":[{"start":{"line":3,"column":36},"end":{"line":3,"column":39}}],"line":3},"1":{"loc":{"start":{"line":3,"column":41},"end":{"line":3,"column":56}},"type":"default-arg","locations":[{"start":{"line":3,"column":55},"end":{"line":3,"column":56}}],"line":3},"2":{"loc":{"start":{"line":4,"column":33},"end":{"line":4,"column":47}},"type":"default-arg","locations":[{"start":{"line":4,"column":44},"end":{"line":4,"column":47}}],"line":4},"3":{"loc":{"start":{"line":4,"column":49},"end":{"line":4,"column":64}},"type":"default-arg","locations":[{"start":{"line":4,"column":63},"end":{"line":4,"column":64}}],"line":4},"4":{"loc":{"start":{"line":6,"column":25},"end":{"line":6,"column":34}},"type":"default-arg","locations":[{"start":{"line":6,"column":33},"end":{"line":6,"column":34}}],"line":6},"5":{"loc":{"start":{"line":7,"column":2},"end":{"line":7,"column":79}},"type":"if","locations":[{"start":{"line":7,"column":2},"end":{"line":7,"column":79}},{"start":{},"end":{}}],"line":7},"6":{"loc":{"start":{"line":7,"column":6},"end":{"line":7,"column":60}},"type":"binary-expr","locations":[{"start":{"line":7,"column":6},"end":{"line":7,"column":19}},{"start":{"line":7,"column":23},"end":{"line":7,"column":40}},{"start":{"line":7,"column":44},"end":{"line":7,"column":60}}],"line":7},"7":{"loc":{"start":{"line":20,"column":30},"end":{"line":20,"column":39}},"type":"default-arg","locations":[{"start":{"line":20,"column":38},"end":{"line":20,"column":39}}],"line":20},"8":{"loc":{"start":{"line":27,"column":6},"end":{"line":43,"column":7}},"type":"switch","locations":[{"start":{"line":28,"column":8},"end":{"line":29,"column":76}},{"start":{"line":30,"column":8},"end":{"line":31,"column":81}},{"start":{"line":32,"column":8},"end":{"line":33,"column":81}},{"start":{"line":34,"column":8},"end":{"line":35,"column":81}},{"start":{"line":36,"column":8},"end":{"line":40,"column":12}},{"start":{"line":41,"column":8},"end":{"line":42,"column":51}}],"line":27}},"s":{"0":1,"1":0,"2":1,"3":0,"4":1,"5":0,"6":0,"7":0,"8":0,"9":0,"10":0,"11":0,"12":0,"13":0,"14":1,"15":0,"16":0,"17":0,"18":0,"19":0,"20":0,"21":0,"22":0,"23":0,"24":0,"25":0,"26":0,"27":0,"28":0},"f":{"0":0,"1":0,"2":0,"3":0,"4":0,"5":0,"6":0},"b":{"0":[0],"1":[0],"2":[0],"3":[0],"4":[0],"5":[0,0],"6":[0,0,0],"7":[0],"8":[0,0,0,0,0,0]},"_coverageSchema":"1a1c01bbd47fc00a2c39e90264f33305004495a9","hash":"4f4ab97592c64ae92f8802c15e75cc99336795d0"}
}
