TN:
SF:src\findDiff.js
FN:3,(anonymous_0)
FN:6,(anonymous_1)
FNF:2
FNH:2
FNDA:15,(anonymous_0)
FNDA:54,(anonymous_1)
DA:3,1
DA:4,15
DA:6,15
DA:7,54
DA:8,54
DA:10,54
DA:11,6
DA:14,48
DA:15,15
DA:18,33
DA:19,9
DA:22,24
DA:23,12
DA:30,12
LF:14
LH:14
BRDA:10,0,0,6
BRDA:10,0,1,48
BRDA:14,1,0,15
BRDA:14,1,1,33
BRDA:18,2,0,9
BRDA:18,2,1,24
BRDA:22,3,0,12
BRDA:22,3,1,12
BRDA:22,4,0,24
BRDA:22,4,1,15
BRDA:22,4,2,12
BRDA:22,4,3,12
BRF:12
BRH:12
end_of_record
TN:
SF:src\index.js
FN:8,(anonymous_0)
FN:16,(anonymous_1)
FNF:2
FNH:2
FNDA:6,(anonymous_0)
FNDA:3,(anonymous_1)
DA:8,1
DA:9,6
DA:10,6
DA:11,0
DA:13,6
DA:16,1
DA:17,3
DA:18,3
DA:20,3
DA:21,3
DA:23,3
DA:24,3
DA:26,3
DA:28,3
LF:14
LH:13
BRDA:10,0,0,0
BRDA:10,0,1,6
BRDA:10,1,0,6
BRDA:10,1,1,6
BRDA:16,2,0,1
BRF:5
BRH:4
end_of_record
TN:
SF:src\parser.js
FN:3,(anonymous_0)
FNF:1
FNH:1
FNDA:6,(anonymous_0)
DA:3,1
DA:4,6
DA:5,6
DA:6,0
DA:8,6
DA:9,6
DA:13,0
DA:14,0
LF:8
LH:5
BRDA:5,0,0,0
BRDA:5,0,1,6
BRDA:5,1,0,6
BRDA:5,1,1,6
BRDA:8,2,0,6
BRDA:8,2,1,0
BRF:6
BRH:4
end_of_record
TN:
SF:src\formatters\format.js
FN:6,(anonymous_0)
FNF:1
FNH:1
FNDA:3,(anonymous_0)
DA:6,1
DA:8,3
DA:10,1
DA:12,1
DA:14,1
DA:17,0
LF:6
LH:5
BRDA:8,0,0,1
BRDA:8,0,1,1
BRDA:8,0,2,1
BRDA:8,0,3,0
BRF:4
BRH:3
end_of_record
TN:
SF:src\formatters\json.js
FN:1,(anonymous_0)
FNF:1
FNH:1
FNDA:1,(anonymous_0)
DA:1,1
DA:2,1
DA:3,1
LF:3
LH:3
BRF:0
BRH:0
end_of_record
TN:
SF:src\formatters\plain.js
FN:3,(anonymous_0)
FN:8,(anonymous_1)
FN:9,(anonymous_2)
FN:10,(anonymous_3)
FNF:4
FNH:3
FNDA:0,(anonymous_0)
FNDA:1,(anonymous_1)
FNDA:1,(anonymous_2)
FNDA:1,(anonymous_3)
DA:3,1
DA:4,0
DA:5,0
DA:8,1
DA:9,1
DA:10,1
DA:13,1
DA:14,1
DA:16,1
DA:18,0
DA:20,0
DA:22,0
DA:24,0
DA:26,0
DA:28,1
DA:32,0
DA:35,1
LF:17
LH:9
BRDA:4,0,0,0
BRDA:4,0,1,0
BRDA:5,1,0,0
BRDA:5,1,1,0
BRDA:14,2,0,1
BRDA:14,2,1,0
BRDA:16,3,0,0
BRDA:16,3,1,0
BRDA:16,3,2,0
BRDA:16,3,3,0
BRDA:16,3,4,0
BRDA:16,3,5,1
BRF:12
BRH:2
end_of_record
TN:
SF:src\formatters\stylish.js
FN:3,(anonymous_0)
FN:4,(anonymous_1)
FN:6,(anonymous_2)
FN:13,(anonymous_3)
FN:19,(anonymous_4)
FN:20,(anonymous_5)
FN:23,(anonymous_6)
FNF:7
FNH:7
FNDA:6,(anonymous_0)
FNDA:6,(anonymous_1)
FNDA:19,(anonymous_2)
FNDA:1,(anonymous_3)
FNDA:1,(anonymous_4)
FNDA:5,(anonymous_5)
FNDA:18,(anonymous_6)
DA:3,6
DA:4,6
DA:6,1
DA:7,19
DA:9,1
DA:10,1
DA:11,1
DA:13,1
DA:15,1
DA:16,1
DA:19,1
DA:20,1
DA:21,5
DA:22,5
DA:23,5
DA:26,18
DA:27,18
DA:29,4
DA:31,2
DA:33,5
DA:35,3
DA:37,4
DA:42,0
DA:45,5
DA:47,1
LF:25
LH:24
BRDA:3,0,0,6
BRDA:3,1,0,6
BRDA:4,2,0,6
BRDA:4,3,0,6
BRDA:6,4,0,0
BRDA:7,5,0,18
BRDA:7,5,1,1
BRDA:7,6,0,19
BRDA:7,6,1,18
BRDA:7,6,2,17
BRDA:20,7,0,1
BRDA:27,8,0,4
BRDA:27,8,1,2
BRDA:27,8,2,5
BRDA:27,8,3,3
BRDA:27,8,4,4
BRDA:27,8,5,0
BRF:17
BRH:15
end_of_record
