TN:
SF:src\findDiff.js
FN:5,(anonymous_0)
FN:12,(anonymous_1)
FNF:2
FNH:2
FNDA:15,(anonymous_0)
FNDA:54,(anonymous_1)
DA:3,1
DA:5,1
DA:7,15
DA:8,15
DA:10,15
DA:12,15
DA:13,54
DA:14,12
DA:15,12
DA:21,54
DA:22,6
DA:28,54
DA:29,15
DA:35,54
DA:36,45
DA:43,54
DA:44,9
DA:50,54
DA:52,15
LF:19
LH:19
BRDA:13,0,0,12
BRDA:13,0,1,42
BRDA:13,1,0,54
BRDA:13,1,1,18
BRDA:21,2,0,6
BRDA:21,2,1,48
BRDA:28,3,0,15
BRDA:28,3,1,39
BRDA:35,4,0,45
BRDA:35,4,1,9
BRDA:43,5,0,9
BRDA:43,5,1,45
BRF:12
BRH:12
end_of_record
TN:
SF:src\index.js
FN:8,(anonymous_0)
FN:16,(anonymous_1)
FNF:2
FNH:2
FNDA:6,(anonymous_0)
FNDA:3,(anonymous_1)
DA:8,1
DA:9,6
DA:10,6
DA:11,0
DA:13,6
DA:16,1
DA:17,3
DA:18,3
DA:20,3
DA:21,3
DA:23,3
DA:24,3
DA:26,3
DA:28,3
LF:14
LH:13
BRDA:10,0,0,0
BRDA:10,0,1,6
BRDA:10,1,0,6
BRDA:10,1,1,6
BRF:4
BRH:3
end_of_record
TN:
SF:src\parser.js
FN:3,(anonymous_0)
FNF:1
FNH:1
FNDA:6,(anonymous_0)
DA:3,1
DA:4,6
DA:5,6
DA:6,0
DA:8,6
DA:9,6
DA:13,0
DA:14,0
LF:8
LH:5
BRDA:5,0,0,0
BRDA:5,0,1,6
BRDA:5,1,0,6
BRDA:5,1,1,6
BRDA:8,2,0,6
BRDA:8,2,1,0
BRF:6
BRH:4
end_of_record
TN:
SF:src\formatters\format.js
FN:6,(anonymous_0)
FNF:1
FNH:1
FNDA:3,(anonymous_0)
DA:6,1
DA:7,3
DA:9,0
DA:11,1
DA:13,1
DA:15,1
LF:6
LH:5
BRDA:7,0,0,0
BRDA:7,0,1,1
BRDA:7,0,2,1
BRDA:7,0,3,1
BRF:4
BRH:3
end_of_record
TN:
SF:src\formatters\json.js
FN:1,(anonymous_0)
FNF:1
FNH:1
FNDA:1,(anonymous_0)
DA:1,1
DA:2,1
DA:3,1
LF:3
LH:3
BRF:0
BRH:0
end_of_record
TN:
SF:src\formatters\plain.js
FN:4,(anonymous_0)
FN:12,(anonymous_1)
FN:41,(anonymous_2)
FN:41,(anonymous_3)
FNF:4
FNH:3
FNDA:0,(anonymous_0)
FNDA:2,(anonymous_1)
FNDA:1,(anonymous_2)
FNDA:1,(anonymous_3)
DA:4,1
DA:5,0
DA:6,0
DA:8,0
DA:9,0
DA:12,1
DA:20,2
DA:23,2
DA:25,2
DA:27,1
DA:29,0
DA:31,0
DA:33,0
DA:35,0
DA:37,1
DA:41,1
LF:16
LH:8
BRDA:5,0,0,0
BRDA:5,0,1,0
BRDA:5,1,0,0
BRDA:5,1,1,0
BRDA:8,2,0,0
BRDA:8,2,1,0
BRDA:23,3,0,1
BRDA:23,3,1,1
BRDA:25,4,0,1
BRDA:25,4,1,0
BRDA:25,4,2,0
BRDA:25,4,3,0
BRDA:25,4,4,0
BRDA:25,4,5,1
BRF:14
BRH:4
end_of_record
TN:
SF:src\formatters\stylish.js
FN:3,(anonymous_0)
FN:4,(anonymous_1)
FN:6,(anonymous_2)
FN:13,(anonymous_3)
FN:19,(anonymous_4)
FN:20,(anonymous_5)
FN:23,(anonymous_6)
FNF:7
FNH:0
FNDA:0,(anonymous_0)
FNDA:0,(anonymous_1)
FNDA:0,(anonymous_2)
FNDA:0,(anonymous_3)
FNDA:0,(anonymous_4)
FNDA:0,(anonymous_5)
FNDA:0,(anonymous_6)
DA:3,1
DA:4,1
DA:6,1
DA:7,0
DA:9,0
DA:10,0
DA:11,0
DA:13,0
DA:15,0
DA:16,0
DA:19,1
DA:20,0
DA:21,0
DA:22,0
DA:23,0
DA:26,0
DA:27,0
DA:29,0
DA:31,0
DA:33,0
DA:35,0
DA:37,0
DA:42,0
DA:45,0
DA:47,0
LF:25
LH:4
BRDA:3,0,0,0
BRDA:3,1,0,0
BRDA:4,2,0,0
BRDA:4,3,0,0
BRDA:6,4,0,0
BRDA:7,5,0,0
BRDA:7,5,1,0
BRDA:20,6,0,0
BRDA:27,7,0,0
BRDA:27,7,1,0
BRDA:27,7,2,0
BRDA:27,7,3,0
BRDA:27,7,4,0
BRDA:27,7,5,0
BRF:14
BRH:0
end_of_record
